Build started 10/11/2019 10:30:31 AM.
     1>Project "C:\Users\Banme.com\Desktop\KeoThaTron\KeoThaTron\KeoThaTron.vcxproj" on node 2 (build target(s)).
     1>InitializeBuildStatus:
         Creating "Debug\KeoThaTron.unsuccessfulbuild" because "AlwaysCreate" was specified.
       ClCompile:
         All outputs are up-to-date.
         C:\Program Files (x86)\Microsoft Visual Studio 10.0\VC\bin\CL.exe /c /ZI /nologo /W3 /WX- /Od /Oy- /D WIN32 /D _WINDOWS /D _DEBUG /D _UNICODE /D UNICODE /D _AFXDLL /Gm /EHsc /RTC1 /MDd /GS /fp:precise /Zc:wchar_t /Zc:forScope /Yu"StdAfx.h" /Fp"Debug\KeoThaTron.pch" /Fo"Debug\\" /Fd"Debug\vc100.pdb" /Gd /TP /analyze- /errorReport:prompt KeoThaTronView.cpp Tron.cpp
         Tron.cpp
     1>c:\users\banme.com\desktop\keothatron\keothatron\tron.cpp(7): warning C4244: '=' : conversion from 'int' to 'float', possible loss of data
     1>c:\users\banme.com\desktop\keothatron\keothatron\tron.cpp(8): warning C4244: '=' : conversion from 'int' to 'float', possible loss of data
     1>c:\users\banme.com\desktop\keothatron\keothatron\tron.cpp(9): warning C4244: '=' : conversion from 'int' to 'float', possible loss of data
     1>c:\users\banme.com\desktop\keothatron\keothatron\tron.cpp(10): warning C4244: '=' : conversion from 'int' to 'float', possible loss of data
     1>c:\users\banme.com\desktop\keothatron\keothatron\tron.cpp(19): warning C4244: '=' : conversion from 'LONG' to 'float', possible loss of data
     1>c:\users\banme.com\desktop\keothatron\keothatron\tron.cpp(20): warning C4244: '=' : conversion from 'LONG' to 'float', possible loss of data
     1>c:\users\banme.com\desktop\keothatron\keothatron\tron.cpp(21): warning C4244: '=' : conversion from 'LONG' to 'float', possible loss of data
     1>c:\users\banme.com\desktop\keothatron\keothatron\tron.cpp(22): warning C4244: '=' : conversion from 'LONG' to 'float', possible loss of data
     1>c:\users\banme.com\desktop\keothatron\keothatron\tron.cpp(27): warning C4244: '=' : conversion from 'int' to 'float', possible loss of data
     1>c:\users\banme.com\desktop\keothatron\keothatron\tron.cpp(28): warning C4244: '=' : conversion from 'int' to 'float', possible loss of data
     1>c:\users\banme.com\desktop\keothatron\keothatron\tron.cpp(29): warning C4244: '=' : conversion from 'int' to 'float', possible loss of data
     1>c:\users\banme.com\desktop\keothatron\keothatron\tron.cpp(30): warning C4244: '=' : conversion from 'int' to 'float', possible loss of data
     1>c:\users\banme.com\desktop\keothatron\keothatron\tron.cpp(35): warning C4244: 'argument' : conversion from 'float' to 'int', possible loss of data
     1>c:\users\banme.com\desktop\keothatron\keothatron\tron.cpp(35): warning C4244: 'argument' : conversion from 'float' to 'int', possible loss of data
     1>c:\users\banme.com\desktop\keothatron\keothatron\tron.cpp(35): warning C4244: 'argument' : conversion from 'float' to 'int', possible loss of data
     1>c:\users\banme.com\desktop\keothatron\keothatron\tron.cpp(35): warning C4244: 'argument' : conversion from 'float' to 'int', possible loss of data
     1>c:\users\banme.com\desktop\keothatron\keothatron\tron.cpp(40): warning C4244: 'argument' : conversion from 'float' to 'int', possible loss of data
     1>c:\users\banme.com\desktop\keothatron\keothatron\tron.cpp(40): warning C4244: 'argument' : conversion from 'float' to 'int', possible loss of data
     1>c:\users\banme.com\desktop\keothatron\keothatron\tron.cpp(45): warning C4244: 'argument' : conversion from 'float' to 'int', possible loss of data
     1>c:\users\banme.com\desktop\keothatron\keothatron\tron.cpp(45): warning C4244: 'argument' : conversion from 'float' to 'int', possible loss of data
     1>c:\users\banme.com\desktop\keothatron\keothatron\tron.cpp(58): warning C4244: '=' : conversion from 'double' to 'float', possible loss of data
     1>c:\users\banme.com\desktop\keothatron\keothatron\tron.cpp(65): warning C4244: '=' : conversion from 'double' to 'int', possible loss of data
     1>c:\users\banme.com\desktop\keothatron\keothatron\tron.cpp(66): warning C4244: 'return' : conversion from 'int' to 'float', possible loss of data
         KeoThaTronView.cpp
     1>c:\users\banme.com\desktop\keothatron\keothatron\keothatronview.cpp(275): warning C4101: 'nen' : unreferenced local variable
         Generating Code...
       ResourceCompile:
         All outputs are up-to-date.
       ManifestResourceCompile:
         All outputs are up-to-date.
       Link:
         C:\Program Files (x86)\Microsoft Visual Studio 10.0\VC\bin\link.exe /ERRORREPORT:PROMPT /OUT:"C:\Users\Banme.com\Desktop\KeoThaTron\Debug\KeoThaTron.exe" /INCREMENTAL /NOLOGO /MANIFEST /ManifestFile:"Debug\KeoThaTron.exe.intermediate.manifest" /MANIFESTUAC:"level='asInvoker' uiAccess='false'" /DEBUG /PDB:"C:\Users\Banme.com\Desktop\KeoThaTron\Debug\KeoThaTron.pdb" /SUBSYSTEM:WINDOWS /TLBID:1 /ENTRY:"wWinMainCRTStartup" /DYNAMICBASE /NXCOMPAT /IMPLIB:"C:\Users\Banme.com\Desktop\KeoThaTron\Debug\KeoThaTron.lib" /MACHINE:X86 Debug\KeoThaTron.res
         Debug\KeoThaTron.exe.embed.manifest.res
         Debug\HCN.obj
         Debug\Hinh.obj
         Debug\KeoThaTron.obj
         Debug\KeoThaTronDoc.obj
         Debug\KeoThaTronView.obj
         Debug\MainFrm.obj
         Debug\NutBam.obj
         Debug\stdafx.obj
         Debug\Tron.obj
       Manifest:
         C:\Program Files (x86)\Microsoft SDKs\Windows\v7.0A\bin\mt.exe /nologo /verbose /out:"Debug\KeoThaTron.exe.embed.manifest" /manifest Debug\KeoThaTron.exe.intermediate.manifest "C:\Program Files (x86)\Microsoft Visual Studio 10.0\VC\Include\Manifest\dpiaware.manifest"
         All outputs are up-to-date.
       LinkEmbedManifest:
         All outputs are up-to-date.
         KeoThaTron.vcxproj -> C:\Users\Banme.com\Desktop\KeoThaTron\Debug\KeoThaTron.exe
       FinalizeBuildStatus:
         Deleting file "Debug\KeoThaTron.unsuccessfulbuild".
         Touching "Debug\KeoThaTron.lastbuildstate".
     1>Done Building Project "C:\Users\Banme.com\Desktop\KeoThaTron\KeoThaTron\KeoThaTron.vcxproj" (build target(s)).

Build succeeded.

Time Elapsed 00:00:04.13
